Units and locations in library 'D:\work\src\ev05\src-in-server\ev05-bcu_d\lib\Bsw.lib'
Unit name                  size     from       to
AiIf.c.o                   6527   129877   136404
AiIf_Lcfg.c.o              7254   136404   143658
Bsw.c.o                    5099   329996   335095
CanIf.c.o                 33569   257614   291183
CanTp.c.o                 21609   291183   312792
Can_Lcfg.c.o              24071   233543   257614
CpuEEIf.c.o               12498   179725   192223
DiIf.c.o                   5535    55715    61250
Di_Lcfg.c.o               11164    44551    55715
DoIf.c.o                   6311    67369    73680
Do_Lcfg.c.o                6119    61250    67369
Ecu.c.o                    2986   230557   233543
ExternEEIf.c.o            14318   192223   206541
ExternFlashIf.c.o         24016   206541   230557
IocIf.c.o                 15877    10712    26589
Ioc_Lcfg.c.o              10598      114    10712
NvmIf.c.o                  7382   172343   179725
Nvm_Lcfg.c.o              28685   143658   172343
PwmIf.c.o                  3489    77141    80630
Pwm_Lcfg.c.o               3461    73680    77141
RelayIcDriveIf.c.o        15543   114334   129877
RelayIcDrive_Lcfg.c.o      8808   105526   114334
RelayIf.c.o                8267    97259   105526
Relay_Lcfg.c.o            16629    80630    97259
SpiIf.c.o                  8051    36500    44551
Spi_Lcfg.c.o               9911    26589    36500
WdgIf.c.o                  5964   318701   324665
WdgM.c.o                   5331   324665   329996
Wdg_Lcfg.c.o               5909   312792   318701

EXPORTED OBJECTS
AC_CP_IOC_CntrState               I   (Ioc_Lcfg.c.o)
AC_CP_IOC_Disable                 I   (Ioc_Lcfg.c.o)
AC_CP_IOC_EnEvent                 I   (Ioc_Lcfg.c.o)
AC_CP_IOC_Enable                  I   (Ioc_Lcfg.c.o)
AI1_Disable                       I   (AiIf_Lcfg.c.o)
AI1_Enable                        I   (AiIf_Lcfg.c.o)
AI1_GetChanValue                  I   (AiIf_Lcfg.c.o)
AI1_MeasureChanWait               I   (AiIf_Lcfg.c.o)
AI2_Disable                       I   (AiIf_Lcfg.c.o)
AI2_Enable                        I   (AiIf_Lcfg.c.o)
AI2_GetChanValue                  I   (AiIf_Lcfg.c.o)
AI2_MeasureChanWait               I   (AiIf_Lcfg.c.o)
AiIf_Handle                       I   (AiIf.c.o)
AiIf_Handle                       O   (AiIf_Lcfg.c.o)
AiIf_MeasureChannel               F   (AiIf.c.o)
AiIf_Operation                    O   (AiIf_Lcfg.c.o)
AiIf_Property                     O   (AiIf_Lcfg.c.o)
Bsw_GetVesionModuleVer            F   (Bsw.c.o)
Bsw_VerDef                        O   (Bsw.c.o)
CAN0_Disable                      I   (Can_Lcfg.c.o)
CAN0_DisableEvent_Func            F   (Can_Lcfg.c.o)
CAN0_DisableMSCANandHw            F   (Can_Lcfg.c.o)
CAN0_EnEvent                      I   (Can_Lcfg.c.o)
CAN0_Enable                       I   (Can_Lcfg.c.o)
CAN0_EnableEvent_Func             F   (Can_Lcfg.c.o)
CAN0_EnableMSCANandHw             F   (Can_Lcfg.c.o)
CAN0_ReadFrame                    I   (Can_Lcfg.c.o)
CAN0_SendFrame                    I   (Can_Lcfg.c.o)
CAN0_SetAcceptanceCode            I   (Can_Lcfg.c.o)
CAN0_SetAcceptanceMask            I   (Can_Lcfg.c.o)
CAN1_Disable                      I   (Can_Lcfg.c.o)
CAN1_DisableEvent_Func            F   (Can_Lcfg.c.o)
CAN1_DisableMSCANandHw            F   (Can_Lcfg.c.o)
CAN1_EnEvent                      I   (Can_Lcfg.c.o)
CAN1_Enable                       I   (Can_Lcfg.c.o)
CAN1_EnableEvent_Func             F   (Can_Lcfg.c.o)
CAN1_EnableMSCANandHw             F   (Can_Lcfg.c.o)
CAN1_ReadFrame                    I   (Can_Lcfg.c.o)
CAN1_SendFrame                    I   (Can_Lcfg.c.o)
CAN1_SetAcceptanceCode            I   (Can_Lcfg.c.o)
CAN1_SetAcceptanceMask            I   (Can_Lcfg.c.o)
CAN4_Disable                      I   (Can_Lcfg.c.o)
CAN4_DisableEvent_Func            F   (Can_Lcfg.c.o)
CAN4_DisableMSCANandHw            F   (Can_Lcfg.c.o)
CAN4_EnEvent                      I   (Can_Lcfg.c.o)
CAN4_Enable                       I   (Can_Lcfg.c.o)
CAN4_EnableEvent_Func             F   (Can_Lcfg.c.o)
CAN4_EnableMSCANandHw             F   (Can_Lcfg.c.o)
CAN4_GetRxStatus                  F   (Can_Lcfg.c.o)
CAN4_GetStateRX                   I   (Can_Lcfg.c.o)
CAN4_GetTxStatus                  F   (Can_Lcfg.c.o)
CAN4_ReadFrame                    I   (Can_Lcfg.c.o)
CAN4_SendFrame                    I   (Can_Lcfg.c.o)
CAN4_SetAcceptanceCode            I   (Can_Lcfg.c.o)
CAN4_SetAcceptanceMask            I   (Can_Lcfg.c.o)
CCR_reg                           I   (CanIf.c.o)
CHG_CAN_POW_PutVal                I   (Can_Lcfg.c.o)
CON1_PutVal                       I   (Do_Lcfg.c.o)
CPUCAN_CAR_EN_PutVal              I   (Can_Lcfg.c.o)
CPUCAN_INT_EN_PutVal              I   (Can_Lcfg.c.o)
CPUDO1_PutVal                     I   (Do_Lcfg.c.o)
CPUDO2_PutVal                     I   (Do_Lcfg.c.o)
CPUEE_GetByte                     I   (Nvm_Lcfg.c.o)
CPUEE_Init                        I   (Nvm_Lcfg.c.o)
CPUEE_SetByte                     I   (Nvm_Lcfg.c.o)
CPUEE_SetLong                     I   (Nvm_Lcfg.c.o)
CPUEE_SetWord                     I   (Nvm_Lcfg.c.o)
CPU_CAR_CAN_STB_PutVal            I   (Can_Lcfg.c.o)
CPU_CHG_P_PutVal                  I   (Do_Lcfg.c.o)
CPU_CHG_S_PutVal                  I   (Do_Lcfg.c.o)
CPU_RLY_CHG_PutVal                I   (Relay_Lcfg.c.o)
CPU_RLY_CTRL_PutVal               I   (Relay_Lcfg.c.o)
CPU_RLY_FAN_PutVal                I   (RelayIcDrive_Lcfg.c.o)
CPU_RLY_HEAT_PutVal               I   (RelayIcDrive_Lcfg.c.o)
CPU_RLY_NEG_PutVal                I   (Relay_Lcfg.c.o)
CPU_RLY_POS_PutVal                I   (Relay_Lcfg.c.o)
CPU_RLY_PRE_PutVal                I   (Relay_Lcfg.c.o)
CPU_TLE_CS_PutVal                 I   (Spi_Lcfg.c.o)
CPU_TLE_SCK_PutVal                I   (Spi_Lcfg.c.o)
CPU_TLE_SDI_PutVal                I   (Spi_Lcfg.c.o)
Can0_WakeAndSleepCtrl             F   (Can_Lcfg.c.o)
Can1_WakeAndSleepCtrl             F   (Can_Lcfg.c.o)
Can4_WakeAndSleepCtrl             F   (Can_Lcfg.c.o)
CanIf_ChannelBuf                  O   (CanIf.c.o)
CanIf_ChannelHandResult           O   (CanIf.c.o)
CanIf_GetRxBufferLength           F   (CanIf.c.o)
CanIf_Init                        F   (CanIf.c.o)
CanIf_RequestSend                 F   (CanIf.c.o)
CanIf_RequestSend                 I   (CanTp.c.o)
CanIf_RxBuffer                    O   (CanIf.c.o)
CanIf_RxIndication                F   (CanIf.c.o)
CanIf_SetAcceptanceMaskCode       F   (CanIf.c.o)
CanIf_SetCanMode                  F   (CanIf.c.o)
CanIf_StartSend                   F   (CanIf.c.o)
CanIf_TxBuffer                    O   (CanIf.c.o)
CanTp_Buf                         O   (CanTp.c.o)
CanTp_CopyDataToBuf               F   (CanTp.c.o)
CanTp_EventRx                     F   (CanTp.c.o)
CanTp_IntCanRxBuffer              O   (CanTp.c.o)
CanTp_IntCanTxBuffer              O   (CanTp.c.o)
CanTp_MainTx                      F   (CanTp.c.o)
Can_Handle                        I   (CanIf.c.o)
Can_Handle                        O   (Can_Lcfg.c.o)
Can_NmCtrl                        O   (Can_Lcfg.c.o)
Can_ReceiveTask                   F   (CanIf.c.o)
Can_RxTxStatus                    O   (Can_Lcfg.c.o)
Can_SendTask                      F   (CanIf.c.o)
Can_TxConfirm                     F   (CanIf.c.o)
CpuEEIf_CCRreg                    O   (CpuEEIf.c.o)
CpuEEIf_GetByte                   F   (CpuEEIf.c.o)
CpuEEIf_GetByte                   I   (NvmIf.c.o)
CpuEEIf_Init                      F   (CpuEEIf.c.o)
CpuEEIf_Init                      I   (NvmIf.c.o)
CpuEEIf_ReadArray                 F   (CpuEEIf.c.o)
CpuEEIf_ReadArray                 I   (NvmIf.c.o)
CpuEEIf_SetByte                   F   (CpuEEIf.c.o)
CpuEEIf_SetByte                   I   (NvmIf.c.o)
CpuEEIf_SetLong                   F   (CpuEEIf.c.o)
CpuEEIf_SetLong                   I   (NvmIf.c.o)
CpuEEIf_SetWord                   F   (CpuEEIf.c.o)
CpuEEIf_SetWord                   I   (NvmIf.c.o)
CpuEEIf_WriteArray                F   (CpuEEIf.c.o)
CpuEEIf_WriteArray                I   (NvmIf.c.o)
CpuEEIf_WriteDisable              F   (CpuEEIf.c.o)
CpuEEIf_WriteDisable              I   (NvmIf.c.o)
CpuEEIf_WriteEnable               F   (CpuEEIf.c.o)
CpuEEIf_WriteEnable               I   (NvmIf.c.o)
CpuEE_Operation                   I   (CpuEEIf.c.o)
CpuEE_Operation                   O   (Nvm_Lcfg.c.o)
DiIf_GetValue                     F   (DiIf.c.o)
DiIf_Handle                       I   (DiIf.c.o)
DiIf_Handle                       O   (Di_Lcfg.c.o)
DiIf_Operation                    O   (Di_Lcfg.c.o)
DiIf_Property                     O   (Di_Lcfg.c.o)
DoIf_Ctrl                         F   (DoIf.c.o)
DoIf_Handle                       I   (DoIf.c.o)
DoIf_Handle                       O   (Do_Lcfg.c.o)
DoIf_Init                         F   (DoIf.c.o)
DoIf_Operation                    O   (Do_Lcfg.c.o)
DoIf_Property                     O   (Do_Lcfg.c.o)
ExtEE_Sda_SetOutput               I   (Nvm_Lcfg.c.o)
ExtEE_Wp_SetOutput                I   (Nvm_Lcfg.c.o)
ExternEEIf_GetByte                F   (ExternEEIf.c.o)
ExternEEIf_GetByte                I   (NvmIf.c.o)
ExternEEIf_Init                   F   (ExternEEIf.c.o)
ExternEEIf_Init                   I   (NvmIf.c.o)
ExternEEIf_ReadArray              F   (ExternEEIf.c.o)
ExternEEIf_ReadArray              I   (NvmIf.c.o)
ExternEEIf_SetByte                F   (ExternEEIf.c.o)
ExternEEIf_SetByte                I   (NvmIf.c.o)
ExternEEIf_SetLong                F   (ExternEEIf.c.o)
ExternEEIf_SetLong                I   (NvmIf.c.o)
ExternEEIf_SetWord                F   (ExternEEIf.c.o)
ExternEEIf_SetWord                I   (NvmIf.c.o)
ExternEEIf_WriteArray             F   (ExternEEIf.c.o)
ExternEEIf_WriteArray             I   (NvmIf.c.o)
ExternEEIf_WriteDisable           F   (ExternEEIf.c.o)
ExternEEIf_WriteDisable           I   (NvmIf.c.o)
ExternEEIf_WriteEnable            F   (ExternEEIf.c.o)
ExternEEIf_WriteEnable            I   (NvmIf.c.o)
ExternEE_Operation                I   (ExternEEIf.c.o)
ExternEE_Operation                O   (Nvm_Lcfg.c.o)
ExternFlashIf_BlockErase          F   (ExternFlashIf.c.o)
ExternFlashIf_BlockErase          I   (NvmIf.c.o)
ExternFlashIf_BufToMainMemory     F   (ExternFlashIf.c.o)
ExternFlashIf_CheckPage           F   (ExternFlashIf.c.o)
ExternFlashIf_CheckPage           I   (NvmIf.c.o)
ExternFlashIf_ChipErase           F   (ExternFlashIf.c.o)
ExternFlashIf_ChipErase           I   (NvmIf.c.o)
ExternFlashIf_Init                F   (ExternFlashIf.c.o)
ExternFlashIf_Init                I   (NvmIf.c.o)
ExternFlashIf_PageErase           F   (ExternFlashIf.c.o)
ExternFlashIf_PageErase           I   (NvmIf.c.o)
ExternFlashIf_ReWritePage         F   (ExternFlashIf.c.o)
ExternFlashIf_ReadBuf             F   (ExternFlashIf.c.o)
ExternFlashIf_ReadBuf             I   (NvmIf.c.o)
ExternFlashIf_ReadByte            F   (ExternFlashIf.c.o)
ExternFlashIf_ReadPage            F   (ExternFlashIf.c.o)
ExternFlashIf_ReadPage            I   (NvmIf.c.o)
ExternFlashIf_ReadStatusReg       F   (ExternFlashIf.c.o)
ExternFlashIf_ReadStatusReg       I   (NvmIf.c.o)
ExternFlashIf_WriteBuf            F   (ExternFlashIf.c.o)
ExternFlashIf_WriteBuf            I   (NvmIf.c.o)
ExternFlashIf_WriteByte           F   (ExternFlashIf.c.o)
ExternFlashIf_WriteCmd            O   (ExternFlashIf.c.o)
ExternFlashIf_WriteCmdLargeCap    F   (ExternFlashIf.c.o)
ExternFlashIf_WriteCmdSmallCap    F   (ExternFlashIf.c.o)
ExternFlashIf_WritePage           F   (ExternFlashIf.c.o)
ExternFlashIf_WritePage           I   (NvmIf.c.o)
ExternFlash_Cs_SetOutput          I   (Nvm_Lcfg.c.o)
ExternFlash_Operation             I   (ExternFlashIf.c.o)
ExternFlash_Operation             O   (Nvm_Lcfg.c.o)
ExternFlash_Rst_SetOutput         I   (Nvm_Lcfg.c.o)
ExternFlash_Sck_SetOutput         I   (Nvm_Lcfg.c.o)
ExternFlash_Si_SetOutput          I   (Nvm_Lcfg.c.o)
ExternFlash_So_SetOutput          I   (Nvm_Lcfg.c.o)
ISO_CTRL_NEG_PutVal               I   (Do_Lcfg.c.o)
ISO_CTRL_POS_PutVal               I   (Do_Lcfg.c.o)
Init_CanTp                        F   (CanTp.c.o)
IocIf_Disable                     F   (IocIf.c.o)
IocIf_DisableEvent                F   (IocIf.c.o)
IocIf_Enable                      F   (IocIf.c.o)
IocIf_EnableEvent                 F   (IocIf.c.o)
IocIf_GetIocValue                 F   (IocIf.c.o)
IocIf_Handle                      I   (IocIf.c.o)
IocIf_Handle                      O   (Ioc_Lcfg.c.o)
IocIf_Init                        F   (IocIf.c.o)
IocIf_Operation                   O   (Ioc_Lcfg.c.o)
IocIf_Property                    O   (Ioc_Lcfg.c.o)
IocIf_Task                        F   (IocIf.c.o)
NvmIf_FlashOperation              O   (NvmIf.c.o)
NvmIf_Operation                   O   (NvmIf.c.o)
Rd_BufToFrameCbk                  F   (CanIf.c.o)
RelayIcDrive_Handle               I   (RelayIcDriveIf.c.o)
RelayIcDrive_Handle               O   (RelayIcDrive_Lcfg.c.o)
RelayIcDrive_IcDiag               F   (RelayIcDriveIf.c.o)
RelayIcDrive_IcDiagIoMode         F   (RelayIcDriveIf.c.o)
RelayIcDrive_IcDiagSpiMode        F   (RelayIcDriveIf.c.o)
RelayIcDrive_IcGotoSleep          F   (RelayIcDriveIf.c.o)
RelayIcDrive_IcInit               F   (RelayIcDriveIf.c.o)
RelayIcDrive_IcInit               I   (Relay_Lcfg.c.o)
RelayIcDrive_IcIoCtrlOutput       F   (RelayIcDriveIf.c.o)
RelayIcDrive_IcIoCtrlOutput       I   (Relay_Lcfg.c.o)
RelayIcDrive_IcResetRegister      F   (RelayIcDriveIf.c.o)
RelayIcDrive_IcSpiCtrlOutput      F   (RelayIcDriveIf.c.o)
RelayIcDrive_IcSpiCtrlOutput      I   (Relay_Lcfg.c.o)
RelayIcDrive_IcWakeUp             F   (RelayIcDriveIf.c.o)
RelayIcDrive_Operation            O   (RelayIcDrive_Lcfg.c.o)
RelayIcDrive_Property             O   (RelayIcDrive_Lcfg.c.o)
RelayIf_Ctrl                      F   (RelayIf.c.o)
RelayIf_FeedBack                  F   (RelayIf.c.o)
RelayIf_Handle                    I   (RelayIf.c.o)
RelayIf_Handle                    O   (Relay_Lcfg.c.o)
RelayIf_IcChangeMode              F   (RelayIf.c.o)
RelayIf_Operation                 O   (Relay_Lcfg.c.o)
RelayIf_Property                  O   (Relay_Lcfg.c.o)
Shadow_C                          I   (Nvm_Lcfg.c.o)
Shadow_H                          I   (Nvm_Lcfg.c.o)
Shadow_J                          I   (Nvm_Lcfg.c.o)
Shadow_K                          I   (Nvm_Lcfg.c.o)
Slaver_Pow_Ctrl_PutVal            I   (Do_Lcfg.c.o)
SpiIf_Handle                      I   (SpiIf.c.o)
SpiIf_Handle                      O   (Spi_Lcfg.c.o)
SpiIf_Operation                   O   (Spi_Lcfg.c.o)
SpiIf_Property                    O   (Spi_Lcfg.c.o)
SpiIf_ReadByte                    F   (SpiIf.c.o)
SpiIf_WriteByte                   F   (SpiIf.c.o)
SpiIf_WriteReadByte               I   (RelayIcDrive_Lcfg.c.o)
SpiIf_WriteReadByte               F   (SpiIf.c.o)
WdgIf_Setmode                     F   (WdgIf.c.o)
WdgIf_Test                        F   (WdgIf.c.o)
WdgIf_Trig                        F   (WdgIf.c.o)
WdgIf_Trig                        I   (WdgM.c.o)
Wdgm_CountCbk                     F   (WdgM.c.o)
Wdgm_Init                         F   (WdgM.c.o)
Wdgm_MainTrig                     F   (WdgM.c.o)
Wdgm_TmCnt                        O   (WdgM.c.o)
_BDIVMODU                         I   (CanTp.c.o)
_BSHL                             I   (ExternFlashIf.c.o)
_CAN0BTR0                         I   (Can_Lcfg.c.o)
_CAN0BTR1                         I   (Can_Lcfg.c.o)
_CAN0CTL0                         I   (Can_Lcfg.c.o)
_CAN0CTL1                         I   (Can_Lcfg.c.o)
_CAN1BTR0                         I   (Can_Lcfg.c.o)
_CAN1BTR1                         I   (Can_Lcfg.c.o)
_CAN1CTL0                         I   (Can_Lcfg.c.o)
_CAN1CTL1                         I   (Can_Lcfg.c.o)
_CAN4BTR0                         I   (Can_Lcfg.c.o)
_CAN4BTR1                         I   (Can_Lcfg.c.o)
_CAN4CTL0                         I   (Can_Lcfg.c.o)
_CAN4CTL1                         I   (Can_Lcfg.c.o)
_CASE_CHECKED                     I   (CanTp.c.o)
_CASE_CHECKED                     I   (WdgIf.c.o)
_CASE_CHECKED_BYTE                I   (WdgIf.c.o)
_CONV_NEAR_TO_GLOBAL              I   (CanIf.c.o)
_COPY                             I   (Bsw.c.o)
_DDRCD                            I   (Nvm_Lcfg.c.o)
_DDRH                             I   (Nvm_Lcfg.c.o)
_DDRJ                             I   (Nvm_Lcfg.c.o)
_DDRK                             I   (Nvm_Lcfg.c.o)
_ECT_TC5                          I   (IocIf.c.o)
_ECT_TC5                          I   (Ioc_Lcfg.c.o)
_ECT_TCNT                         I   (Ioc_Lcfg.c.o)
_ECT_TCTL3                        I   (IocIf.c.o)
_ECT_TCTL3                        I   (Ioc_Lcfg.c.o)
_FCALL                            I   (ExternFlashIf.c.o)
_ISHRU                            I   (CanIf.c.o)
_LCMP                             I   (IocIf.c.o)
_LDIVU                            I   (IocIf.c.o)
_LINC                             I   (IocIf.c.o)
_LMODU                            I   (IocIf.c.o)
_LMULU16x32                       I   (IocIf.c.o)
_LSHL                             I   (ExternFlashIf.c.o)
_PORTAB                           I   (Di_Lcfg.c.o)
_PORTAB                           I   (Relay_Lcfg.c.o)
_PORTAB                           I   (Wdg_Lcfg.c.o)
_PORTCD                           I   (Nvm_Lcfg.c.o)
_PORTCD                           I   (RelayIcDrive_Lcfg.c.o)
_PORTCD                           I   (Relay_Lcfg.c.o)
_PORTK                            I   (Nvm_Lcfg.c.o)
_PTH                              I   (Nvm_Lcfg.c.o)
_PTH                              I   (Spi_Lcfg.c.o)
_PTJ                              I   (Nvm_Lcfg.c.o)
_PTT                              I   (Di_Lcfg.c.o)
gby_IocTriggerType                O   (IocIf.c.o)
gby_ioc_err                       O   (IocIf.c.o)
gby_ioc_max_err                   O   (IocIf.c.o)
gby_iocflag                       O   (IocIf.c.o)
gby_ioctimecnt                    O   (IocIf.c.o)
gby_out_ctrl_st                   O   (RelayIcDriveIf.c.o)
gby_readcnt                       O   (IocIf.c.o)
glwd_IocHighLevelCnt              O   (IocIf.c.o)
glwd_IocLowLevelCnt               O   (IocIf.c.o)
glwd_highcnt                      O   (IocIf.c.o)
gwd_IocHighToLowValue             O   (IocIf.c.o)
gwd_IocLowToHighValue             O   (IocIf.c.o)
gwd_value                         O   (IocIf.c.o)
sWdg_Operation                    I   (WdgIf.c.o)
sWdg_Operation                    O   (Wdg_Lcfg.c.o)
wdi_PutVal                        I   (Wdg_Lcfg.c.o)
